<?xml version="1.0" encoding="UTF-8"?>
<testsuite xmlns:xsi="http://www.w3.org/2001/XMLSchema-instance" xsi:noNamespaceSchemaLocation="https://maven.apache.org/surefire/maven-surefire-plugin/xsd/surefire-test-report.xsd" name="nl.thomasvanminnen.rest.resources.PlaylistResourceTest" time="0.06" tests="7" errors="0" skipped="0" failures="0">
  <properties>
    <property name="java.specification.version" value="15"/>
    <property name="sun.cpu.isalist" value="amd64"/>
    <property name="sun.jnu.encoding" value="Cp1252"/>
    <property name="java.class.path" value="D:\JAVA_PROJECTS\Spotitube\target\test-classes;D:\JAVA_PROJECTS\Spotitube\target\classes;C:\Users\van Minnen\.m2\repository\org\junit\jupiter\junit-jupiter-engine\5.7.1\junit-jupiter-engine-5.7.1.jar;C:\Users\van Minnen\.m2\repository\org\apiguardian\apiguardian-api\1.1.0\apiguardian-api-1.1.0.jar;C:\Users\van Minnen\.m2\repository\org\junit\platform\junit-platform-engine\1.7.1\junit-platform-engine-1.7.1.jar;C:\Users\van Minnen\.m2\repository\org\opentest4j\opentest4j\1.2.0\opentest4j-1.2.0.jar;C:\Users\van Minnen\.m2\repository\org\junit\platform\junit-platform-commons\1.7.1\junit-platform-commons-1.7.1.jar;C:\Users\van Minnen\.m2\repository\org\junit\jupiter\junit-jupiter-api\5.7.1\junit-jupiter-api-5.7.1.jar;C:\Users\van Minnen\.m2\repository\javax\javaee-api\8.0.1\javaee-api-8.0.1.jar;C:\Users\van Minnen\.m2\repository\com\sun\mail\javax.mail\1.6.2\javax.mail-1.6.2.jar;C:\Users\van Minnen\.m2\repository\javax\activation\activation\1.1\activation-1.1.jar;C:\Users\van Minnen\.m2\repository\mysql\mysql-connector-java\8.0.13\mysql-connector-java-8.0.13.jar;C:\Users\van Minnen\.m2\repository\com\google\protobuf\protobuf-java\3.6.1\protobuf-java-3.6.1.jar;C:\Users\van Minnen\.m2\repository\org\mockito\mockito-core\3.6.28\mockito-core-3.6.28.jar;C:\Users\van Minnen\.m2\repository\net\bytebuddy\byte-buddy\1.10.18\byte-buddy-1.10.18.jar;C:\Users\van Minnen\.m2\repository\net\bytebuddy\byte-buddy-agent\1.10.18\byte-buddy-agent-1.10.18.jar;C:\Users\van Minnen\.m2\repository\org\objenesis\objenesis\3.1\objenesis-3.1.jar;C:\Users\van Minnen\.m2\repository\org\apache\cxf\cxf-rt-frontend-jaxrs\3.2.6\cxf-rt-frontend-jaxrs-3.2.6.jar;C:\Users\van Minnen\.m2\repository\org\apache\cxf\cxf-core\3.2.6\cxf-core-3.2.6.jar;C:\Users\van Minnen\.m2\repository\com\fasterxml\woodstox\woodstox-core\5.1.0\woodstox-core-5.1.0.jar;C:\Users\van Minnen\.m2\repository\org\codehaus\woodstox\stax2-api\4.1\stax2-api-4.1.jar;C:\Users\van Minnen\.m2\repository\org\apache\ws\xmlschema\xmlschema-core\2.2.3\xmlschema-core-2.2.3.jar;C:\Users\van Minnen\.m2\repository\javax\ws\rs\javax.ws.rs-api\2.1\javax.ws.rs-api-2.1.jar;C:\Users\van Minnen\.m2\repository\javax\annotation\javax.annotation-api\1.3\javax.annotation-api-1.3.jar;C:\Users\van Minnen\.m2\repository\org\apache\cxf\cxf-rt-transports-http\3.2.6\cxf-rt-transports-http-3.2.6.jar;C:\Users\van Minnen\.m2\repository\com\h2database\h2\1.4.199\h2-1.4.199.jar;"/>
    <property name="java.vm.vendor" value="Oracle Corporation"/>
    <property name="sun.arch.data.model" value="64"/>
    <property name="user.variant" value=""/>
    <property name="java.vendor.url" value="https://java.oracle.com/"/>
    <property name="user.timezone" value="Europe/Amsterdam"/>
    <property name="os.name" value="Windows 10"/>
    <property name="java.vm.specification.version" value="15"/>
    <property name="sun.java.launcher" value="SUN_STANDARD"/>
    <property name="user.country" value="NL"/>
    <property name="sun.boot.library.path" value="C:\Program Files (x86)\Java\jdk15\bin"/>
    <property name="sun.java.command" value="C:\Users\VANMIN~1\AppData\Local\Temp\surefire4071394826395359126\surefirebooter13674092549497268014.jar C:\Users\van Minnen\AppData\Local\Temp\surefire4071394826395359126 2021-03-26T13-36-56_964-jvmRun1 surefire10749186129145244968tmp surefire_09298612275603261073tmp"/>
    <property name="jdk.debug" value="release"/>
    <property name="surefire.test.class.path" value="D:\JAVA_PROJECTS\Spotitube\target\test-classes;D:\JAVA_PROJECTS\Spotitube\target\classes;C:\Users\van Minnen\.m2\repository\org\junit\jupiter\junit-jupiter-engine\5.7.1\junit-jupiter-engine-5.7.1.jar;C:\Users\van Minnen\.m2\repository\org\apiguardian\apiguardian-api\1.1.0\apiguardian-api-1.1.0.jar;C:\Users\van Minnen\.m2\repository\org\junit\platform\junit-platform-engine\1.7.1\junit-platform-engine-1.7.1.jar;C:\Users\van Minnen\.m2\repository\org\opentest4j\opentest4j\1.2.0\opentest4j-1.2.0.jar;C:\Users\van Minnen\.m2\repository\org\junit\platform\junit-platform-commons\1.7.1\junit-platform-commons-1.7.1.jar;C:\Users\van Minnen\.m2\repository\org\junit\jupiter\junit-jupiter-api\5.7.1\junit-jupiter-api-5.7.1.jar;C:\Users\van Minnen\.m2\repository\javax\javaee-api\8.0.1\javaee-api-8.0.1.jar;C:\Users\van Minnen\.m2\repository\com\sun\mail\javax.mail\1.6.2\javax.mail-1.6.2.jar;C:\Users\van Minnen\.m2\repository\javax\activation\activation\1.1\activation-1.1.jar;C:\Users\van Minnen\.m2\repository\mysql\mysql-connector-java\8.0.13\mysql-connector-java-8.0.13.jar;C:\Users\van Minnen\.m2\repository\com\google\protobuf\protobuf-java\3.6.1\protobuf-java-3.6.1.jar;C:\Users\van Minnen\.m2\repository\org\mockito\mockito-core\3.6.28\mockito-core-3.6.28.jar;C:\Users\van Minnen\.m2\repository\net\bytebuddy\byte-buddy\1.10.18\byte-buddy-1.10.18.jar;C:\Users\van Minnen\.m2\repository\net\bytebuddy\byte-buddy-agent\1.10.18\byte-buddy-agent-1.10.18.jar;C:\Users\van Minnen\.m2\repository\org\objenesis\objenesis\3.1\objenesis-3.1.jar;C:\Users\van Minnen\.m2\repository\org\apache\cxf\cxf-rt-frontend-jaxrs\3.2.6\cxf-rt-frontend-jaxrs-3.2.6.jar;C:\Users\van Minnen\.m2\repository\org\apache\cxf\cxf-core\3.2.6\cxf-core-3.2.6.jar;C:\Users\van Minnen\.m2\repository\com\fasterxml\woodstox\woodstox-core\5.1.0\woodstox-core-5.1.0.jar;C:\Users\van Minnen\.m2\repository\org\codehaus\woodstox\stax2-api\4.1\stax2-api-4.1.jar;C:\Users\van Minnen\.m2\repository\org\apache\ws\xmlschema\xmlschema-core\2.2.3\xmlschema-core-2.2.3.jar;C:\Users\van Minnen\.m2\repository\javax\ws\rs\javax.ws.rs-api\2.1\javax.ws.rs-api-2.1.jar;C:\Users\van Minnen\.m2\repository\javax\annotation\javax.annotation-api\1.3\javax.annotation-api-1.3.jar;C:\Users\van Minnen\.m2\repository\org\apache\cxf\cxf-rt-transports-http\3.2.6\cxf-rt-transports-http-3.2.6.jar;C:\Users\van Minnen\.m2\repository\com\h2database\h2\1.4.199\h2-1.4.199.jar;"/>
    <property name="sun.cpu.endian" value="little"/>
    <property name="user.home" value="C:\Users\van Minnen"/>
    <property name="user.language" value="nl"/>
    <property name="java.specification.vendor" value="Oracle Corporation"/>
    <property name="java.version.date" value="2020-09-15"/>
    <property name="java.home" value="C:\Program Files (x86)\Java\jdk15"/>
    <property name="file.separator" value="\"/>
    <property name="basedir" value="D:\JAVA_PROJECTS\Spotitube"/>
    <property name="java.vm.compressedOopsMode" value="Zero based"/>
    <property name="line.separator" value="&#10;"/>
    <property name="java.vm.specification.vendor" value="Oracle Corporation"/>
    <property name="java.specification.name" value="Java Platform API Specification"/>
    <property name="surefire.real.class.path" value="C:\Users\VANMIN~1\AppData\Local\Temp\surefire4071394826395359126\surefirebooter13674092549497268014.jar"/>
    <property name="user.script" value=""/>
    <property name="sun.management.compiler" value="HotSpot 64-Bit Tiered Compilers"/>
    <property name="java.runtime.version" value="15+36-1562"/>
    <property name="user.name" value="van Minnen"/>
    <property name="path.separator" value=";"/>
    <property name="os.version" value="10.0"/>
    <property name="java.runtime.name" value="OpenJDK Runtime Environment"/>
    <property name="file.encoding" value="Cp1252"/>
    <property name="java.vm.name" value="OpenJDK 64-Bit Server VM"/>
    <property name="localRepository" value="C:\Users\van Minnen\.m2\repository"/>
    <property name="java.vendor.url.bug" value="https://bugreport.java.com/bugreport/"/>
    <property name="java.io.tmpdir" value="C:\Users\VANMIN~1\AppData\Local\Temp\"/>
    <property name="idea.version" value="2020.2.3"/>
    <property name="java.version" value="15"/>
    <property name="user.dir" value="D:\JAVA_PROJECTS\Spotitube"/>
    <property name="os.arch" value="amd64"/>
    <property name="java.vm.specification.name" value="Java Virtual Machine Specification"/>
    <property name="sun.os.patch.level" value=""/>
    <property name="java.library.path" value="C:\Program Files (x86)\Java\jdk15\bin;C:\WINDOWS\Sun\Java\bin;C:\WINDOWS\system32;C:\WINDOWS;C:\Program Files (x86)\Common Files\Oracle\Java\javapath;C:\Windows\system32;C:\Windows;C:\Windows\System32\Wbem;C:\Windows\System32\WindowsPowerShell\v1.0\;C:\Program Files (x86)\NVIDIA Corporation\PhysX\Common;%SystemRoot%\system32;%SystemRoot%;%SystemRoot%\System32\Wbem;%SYSTEMROOT%\System32\WindowsPowerShell\v1.0\;%SYSTEMROOT%\System32\OpenSSH\;D:\xampp\php;C:\ProgramData\ComposerSetup\bin;D:\Program Files\Git\cmd;C:\Program Files\Microsoft SQL Server\Client SDK\ODBC\170\Tools\Binn\;C:\Program Files (x86)\Microsoft SQL Server\150\Tools\Binn\;C:\Program Files\Microsoft SQL Server\150\Tools\Binn\;C:\Program Files\Microsoft SQL Server\150\DTS\Binn\;C:\Program Files (x86)\Microsoft SQL Server\150\DTS\Binn\;C:\Program Files\Azure Data Studio\bin;C:\Program Files (x86)\Yarn\bin\;C:\Program Files\nodejs\;C:\Program Files (x86)\apache-maven-3.6.3\bin;;C:\Android;C:\Users\van Minnen\AppData\Local\Microsoft\WindowsApps;C:\Users\van Minnen\AppData\Roaming\Composer\vendor\bin;C:\Program Files\nodejs-V10.x;C:\Program Files\Azure Data Studio\bin;C:\Users\van Minnen\AppData\Local\GitHubDesktop\bin;C:\Users\van Minnen\AppData\Local\Yarn\bin;C:\Users\van Minnen\AppData\Roaming\npm;C:\Program Files (x86)\apache-maven-3.6.3\bin;;."/>
    <property name="java.vm.info" value="mixed mode, sharing"/>
    <property name="java.vendor" value="Oracle Corporation"/>
    <property name="java.vm.version" value="15+36-1562"/>
    <property name="sun.io.unicode.encoding" value="UnicodeLittle"/>
    <property name="java.class.version" value="59.0"/>
  </properties>
  <testcase name="get201FromInsertingPlaylists" classname="nl.thomasvanminnen.rest.resources.PlaylistResourceTest" time="0.041"/>
  <testcase name="get200FromGettingAllTrackFromPlaylists" classname="nl.thomasvanminnen.rest.resources.PlaylistResourceTest" time="0.002"/>
  <testcase name="get201FromInsertingNewTrackToPlaylists" classname="nl.thomasvanminnen.rest.resources.PlaylistResourceTest" time="0.005"/>
  <testcase name="get200FromUpdatingPlaylists" classname="nl.thomasvanminnen.rest.resources.PlaylistResourceTest" time="0.003"/>
  <testcase name="get200FromGettingAllPlaylists" classname="nl.thomasvanminnen.rest.resources.PlaylistResourceTest" time="0.001"/>
  <testcase name="get200FromDeletingTrackFromPlaylists" classname="nl.thomasvanminnen.rest.resources.PlaylistResourceTest" time="0.001"/>
  <testcase name="get200FromDeletingPlaylists" classname="nl.thomasvanminnen.rest.resources.PlaylistResourceTest" time="0.001"/>
</testsuite>